12/12/2024 01:19:01 [Project.Client.Client] ([32mINFO[0m):
> Client Created
12/12/2024 01:20:13 [Project.Client.ClientUI] ([34mFINE[0m):
> Current panel: USER_INFO
12/12/2024 01:20:49 [Project.Client.Views.UserDetailsPanel] ([32mINFO[0m):
> Chosen username: Bale
12/12/2024 01:20:49 [Project.Client.Client] ([32mINFO[0m):
> Client connected
12/12/2024 01:20:49 [Project.Client.Client] ([32mINFO[0m):
> Received Payload: Payload[CLIENT_ID] Client Id [2] Message: [null] Client Name [Bale] Status [connect]
12/12/2024 01:20:49 [Project.Client.ClientUI] ([34mFINE[0m):
> Current panel: CHAT_GAME_SCREEN
12/12/2024 01:20:49 [Project.Client.Client] ([32mINFO[0m):
> Received Payload: Payload[ROOM_JOIN] Client Id [2] Message: [lobby] Client Name [Bale] Status [connect]
12/12/2024 01:20:49 [Project.Client.ClientUI] ([32mINFO[0m):
> Current card: CHAT_GAME_SCREEN
12/12/2024 01:20:49 [Project.Client.Client] ([32mINFO[0m):
> Received Payload: Payload[SYNC_CLIENT] Client Id [1] Message: [null] Client Name [Ali] Status [connect]
12/12/2024 01:20:50 [Project.Client.Views.UserListPanel] ([32mINFO[0m):
> Adding user to list: Bale (2)
12/12/2024 01:20:50 [Project.Client.Views.UserListPanel] ([32mINFO[0m):
> Adding user to list: Ali (1)
12/12/2024 01:20:51 [Project.Client.Client] ([32mINFO[0m):
> Received Payload: Payload[ROOM_JOIN] Client Id [3] Message: [lobby] Client Name [Cat] Status [connect]
12/12/2024 01:20:51 [Project.Client.ClientUI] ([32mINFO[0m):
> Current card: CHAT_GAME_SCREEN
12/12/2024 01:20:51 [Project.Client.Views.UserListPanel] ([32mINFO[0m):
> Adding user to list: Cat (3)
12/12/2024 01:22:02 [Project.Client.ClientUI] ([34mFINE[0m):
> Current panel: ROOMS
12/12/2024 01:22:33 [Project.Client.Client] ([32mINFO[0m):
> Received Payload: Payload[ROOM_JOIN] Client Id [1] Message: [lobby] Client Name [Ali] Status [disconnect]
12/12/2024 01:22:34 [Project.Client.ClientUI] ([32mINFO[0m):
> Current card: ROOMS
12/12/2024 01:22:34 [Project.Client.Views.UserListPanel] ([32mINFO[0m):
> Removing user list item for id 1
12/12/2024 01:22:45 [Project.Client.Client] ([32mINFO[0m):
> Received Payload: Payload[ROOM_JOIN] Client Id [2] Message: [lobby] Client Name [Bale] Status [disconnect]
12/12/2024 01:22:45 [Project.Client.ClientUI] ([32mINFO[0m):
> Current card: ROOMS
12/12/2024 01:22:45 [Project.Client.Views.UserListPanel] ([32mINFO[0m):
> Removing user list item for id 2
12/12/2024 01:22:45 [Project.Client.Views.UserListPanel] ([32mINFO[0m):
> Clearing user list
12/12/2024 01:22:45 [Project.Client.Client] ([32mINFO[0m):
> Received Payload: Payload[ROOM_JOIN] Client Id [2] Message: [1] Client Name [Bale] Status [connect]
12/12/2024 01:22:45 [Project.Client.ClientUI] ([32mINFO[0m):
> Current card: ROOMS
12/12/2024 01:22:45 [Project.Client.Client] ([32mINFO[0m):
> Received Payload: Payload[SYNC_CLIENT] Client Id [1] Message: [null] Client Name [Ali] Status [connect]
12/12/2024 01:22:45 [Project.Client.Views.UserListPanel] ([32mINFO[0m):
> Adding user to list: Bale (2)
12/12/2024 01:22:45 [Project.Client.Client] ([32mINFO[0m):
> Received Payload: Payload[PHASE] Client Id [0] Message: [READY]
12/12/2024 01:22:45 [Project.Client.Views.UserListPanel] ([32mINFO[0m):
> Adding user to list: Ali (1)
12/12/2024 01:22:45 [Project.Client.Client] ([32mINFO[0m):
> Received Payload: Payload[SYNC_READY] Client Id [1] Message: [null] isReady [not ready]
12/12/2024 01:22:45 [Project.Client.Client] ([32mINFO[0m):
> Received Payload: Payload[SYNC_READY] Client Id [2] Message: [null] isReady [not ready]
12/12/2024 01:22:45 [Project.Client.Client] ([32mINFO[0m):
> Received Payload: Payload[MESSAGE] Client Id [-2] Message: [Welcome to the game click ready to start]
12/12/2024 01:22:49 [Project.Client.Client] ([32mINFO[0m):
> Received Payload: Payload[ROOM_JOIN] Client Id [3] Message: [1] Client Name [Cat] Status [connect]
12/12/2024 01:22:49 [Project.Client.ClientUI] ([32mINFO[0m):
> Current card: ROOMS
12/12/2024 01:22:49 [Project.Client.Views.UserListPanel] ([32mINFO[0m):
> Adding user to list: Cat (3)
12/12/2024 01:22:49 [Project.Client.Client] ([32mINFO[0m):
> Received Payload: Payload[MESSAGE] Client Id [-2] Message: [Welcome to the game click ready to start]
12/12/2024 01:23:02 [Project.Client.ClientUI] ([34mFINE[0m):
> Current panel: CHAT_GAME_SCREEN
12/12/2024 01:25:39 [Project.Client.Client] ([32mINFO[0m):
> Received Payload: Payload[DISCONNECT] Client Id [2] Message: [null] Client Name [Bale] Status [disconnect]
12/12/2024 01:25:39 [Project.Client.ClientUI] ([32mINFO[0m):
> I disconnected
12/12/2024 01:29:22 [Project.Client.Client] ([32mINFO[0m):
> Client Created
12/12/2024 01:30:22 [Project.Client.ClientUI] ([34mFINE[0m):
> Current panel: USER_INFO
12/12/2024 01:31:00 [Project.Client.Views.UserDetailsPanel] ([32mINFO[0m):
> Chosen username: Bale
12/12/2024 01:31:00 [Project.Client.Client] ([32mINFO[0m):
> Client connected
12/12/2024 01:31:00 [Project.Client.Client] ([32mINFO[0m):
> Received Payload: Payload[CLIENT_ID] Client Id [2] Message: [null] Client Name [Bale] Status [connect]
12/12/2024 01:31:00 [Project.Client.ClientUI] ([34mFINE[0m):
> Current panel: CHAT_GAME_SCREEN
12/12/2024 01:31:00 [Project.Client.Client] ([32mINFO[0m):
> Received Payload: Payload[ROOM_JOIN] Client Id [2] Message: [lobby] Client Name [Bale] Status [connect]
12/12/2024 01:31:00 [Project.Client.ClientUI] ([32mINFO[0m):
> Current card: CHAT_GAME_SCREEN
12/12/2024 01:31:00 [Project.Client.Client] ([32mINFO[0m):
> Received Payload: Payload[SYNC_CLIENT] Client Id [1] Message: [null] Client Name [Ali] Status [connect]
12/12/2024 01:31:00 [Project.Client.Views.UserListPanel] ([32mINFO[0m):
> Adding user to list: Bale (2)
12/12/2024 01:31:00 [Project.Client.Views.UserListPanel] ([32mINFO[0m):
> Adding user to list: Ali (1)
12/12/2024 01:31:02 [Project.Client.Client] ([32mINFO[0m):
> Received Payload: Payload[ROOM_JOIN] Client Id [3] Message: [lobby] Client Name [Cat] Status [connect]
12/12/2024 01:31:02 [Project.Client.ClientUI] ([32mINFO[0m):
> Current card: CHAT_GAME_SCREEN
12/12/2024 01:31:02 [Project.Client.Views.UserListPanel] ([32mINFO[0m):
> Adding user to list: Cat (3)
12/12/2024 01:31:15 [Project.Client.ClientUI] ([34mFINE[0m):
> Current panel: ROOMS
12/12/2024 01:31:44 [Project.Client.Client] ([32mINFO[0m):
> Received Payload: Payload[ROOM_JOIN] Client Id [1] Message: [lobby] Client Name [Ali] Status [disconnect]
12/12/2024 01:31:44 [Project.Client.ClientUI] ([32mINFO[0m):
> Current card: ROOMS
12/12/2024 01:31:44 [Project.Client.Views.UserListPanel] ([32mINFO[0m):
> Removing user list item for id 1
12/12/2024 01:31:49 [Project.Client.Client] ([32mINFO[0m):
> Received Payload: Payload[ROOM_JOIN] Client Id [2] Message: [lobby] Client Name [Bale] Status [disconnect]
12/12/2024 01:31:49 [Project.Client.ClientUI] ([32mINFO[0m):
> Current card: ROOMS
12/12/2024 01:31:49 [Project.Client.Client] ([32mINFO[0m):
> Received Payload: Payload[ROOM_JOIN] Client Id [2] Message: [1] Client Name [Bale] Status [connect]
12/12/2024 01:31:49 [Project.Client.Views.UserListPanel] ([32mINFO[0m):
> Removing user list item for id 2
12/12/2024 01:31:49 [Project.Client.ClientUI] ([32mINFO[0m):
> Current card: ROOMS
12/12/2024 01:31:49 [Project.Client.Views.UserListPanel] ([32mINFO[0m):
> Clearing user list
12/12/2024 01:31:49 [Project.Client.Client] ([32mINFO[0m):
> Received Payload: Payload[SYNC_CLIENT] Client Id [1] Message: [null] Client Name [Ali] Status [connect]
12/12/2024 01:31:49 [Project.Client.Client] ([32mINFO[0m):
> Received Payload: Payload[PHASE] Client Id [0] Message: [READY]
12/12/2024 01:31:49 [Project.Client.Views.UserListPanel] ([32mINFO[0m):
> Adding user to list: Bale (2)
12/12/2024 01:31:49 [Project.Client.Views.UserListPanel] ([32mINFO[0m):
> Adding user to list: Ali (1)
12/12/2024 01:31:49 [Project.Client.Client] ([32mINFO[0m):
> Received Payload: Payload[SYNC_READY] Client Id [1] Message: [null] isReady [not ready]
12/12/2024 01:31:49 [Project.Client.Client] ([32mINFO[0m):
> Received Payload: Payload[SYNC_READY] Client Id [2] Message: [null] isReady [not ready]
12/12/2024 01:31:49 [Project.Client.Client] ([32mINFO[0m):
> Received Payload: Payload[MESSAGE] Client Id [-2] Message: [Welcome to the game click ready to start]
12/12/2024 01:31:51 [Project.Client.Client] ([32mINFO[0m):
> Received Payload: Payload[ROOM_JOIN] Client Id [3] Message: [1] Client Name [Cat] Status [connect]
12/12/2024 01:31:51 [Project.Client.ClientUI] ([32mINFO[0m):
> Current card: ROOMS
12/12/2024 01:31:51 [Project.Client.Client] ([32mINFO[0m):
> Received Payload: Payload[MESSAGE] Client Id [-2] Message: [Welcome to the game click ready to start]
12/12/2024 01:31:51 [Project.Client.Views.UserListPanel] ([32mINFO[0m):
> Adding user to list: Cat (3)
12/12/2024 01:31:53 [Project.Client.ClientUI] ([34mFINE[0m):
> Current panel: CHAT_GAME_SCREEN
12/12/2024 01:34:21 [Project.Client.Client] ([32mINFO[0m):
> Received Payload: Payload[READY] Client Id [1] Message: [null] isReady [ready]
12/12/2024 01:34:22 [Project.Client.Client] ([32mINFO[0m):
> Received Payload: Payload[TIME] Client Id [0] Message: [null]
12/12/2024 01:34:23 [Project.Client.Client] ([32mINFO[0m):
> Received Payload: Payload[READY] Client Id [3] Message: [null] isReady [ready]
12/12/2024 01:34:23 [Project.Client.Client] ([32mINFO[0m):
> Received Payload: Payload[TIME] Client Id [0] Message: [null]
12/12/2024 01:34:24 [Project.Client.Client] ([32mINFO[0m):
> Received Payload: Payload[READY] Client Id [2] Message: [null] isReady [ready]
12/12/2024 01:34:24 [Project.Client.Client] ([32mINFO[0m):
> Received Payload: Payload[TIME] Client Id [0] Message: [null]
12/12/2024 01:34:25 [Project.Client.Client] ([32mINFO[0m):
> Received Payload: Payload[TIME] Client Id [0] Message: [null]
12/12/2024 01:34:26 [Project.Client.Client] ([32mINFO[0m):
> Received Payload: Payload[TIME] Client Id [0] Message: [null]
12/12/2024 01:34:27 [Project.Client.Client] ([32mINFO[0m):
> Received Payload: Payload[TIME] Client Id [0] Message: [null]
12/12/2024 01:34:28 [Project.Client.Client] ([32mINFO[0m):
> Received Payload: Payload[TIME] Client Id [0] Message: [null]
12/12/2024 01:34:29 [Project.Client.Client] ([32mINFO[0m):
> Received Payload: Payload[TIME] Client Id [0] Message: [null]
12/12/2024 01:34:30 [Project.Client.Client] ([32mINFO[0m):
> Received Payload: Payload[TIME] Client Id [0] Message: [null]
12/12/2024 01:34:31 [Project.Client.Client] ([32mINFO[0m):
> Received Payload: Payload[TIME] Client Id [0] Message: [null]
12/12/2024 01:34:31 [Project.Client.Client] ([32mINFO[0m):
> Received Payload: Payload[PHASE] Client Id [0] Message: [IN_PROGRESS]
12/12/2024 01:34:31 [Project.Client.Client] ([32mINFO[0m):
> Received Payload: Payload[MESSAGE] Client Id [-2] Message: [Game has begun!, Click ready to start the game]
12/12/2024 01:34:31 [Project.Client.Client] ([32mINFO[0m):
> Received Payload: Payload[RESET_READY] Client Id [0] Message: [null] isReady [not ready]
12/12/2024 01:34:31 [Project.Client.Client] ([32mINFO[0m):
> Received Payload: Payload[PHASE] Client Id [0] Message: [READY]
12/12/2024 01:34:32 [Project.Client.Client] ([32mINFO[0m):
> Received Payload: Payload[MESSAGE] Client Id [-1] Message: [Waiting for all players to ready up...]
12/12/2024 01:34:37 [Project.Client.Client] ([32mINFO[0m):
> Received Payload: Payload[MESSAGE] Client Id [-1] Message: [Time remaining: 45 seconds]
12/12/2024 01:34:37 [Project.Client.Client] ([32mINFO[0m):
> Received Payload: Payload[TIME] Client Id [0] Message: [null]
12/12/2024 01:34:41 [Project.Client.Client] ([32mINFO[0m):
> Received Payload: Payload[MESSAGE] Client Id [-1] Message: [Time remaining: 40 seconds]
12/12/2024 01:34:42 [Project.Client.Client] ([32mINFO[0m):
> Received Payload: Payload[TIME] Client Id [0] Message: [null]
12/12/2024 01:34:47 [Project.Client.Client] ([32mINFO[0m):
> Received Payload: Payload[MESSAGE] Client Id [-1] Message: [Time remaining: 35 seconds]
12/12/2024 01:34:47 [Project.Client.Client] ([32mINFO[0m):
> Received Payload: Payload[TIME] Client Id [0] Message: [null]
12/12/2024 01:34:47 [Project.Client.Client] ([32mINFO[0m):
> Received Payload: Payload[READY] Client Id [1] Message: [null] isReady [ready]
12/12/2024 01:34:48 [Project.Client.Client] ([32mINFO[0m):
> Received Payload: Payload[READY] Client Id [3] Message: [null] isReady [ready]
12/12/2024 01:34:50 [Project.Client.Client] ([32mINFO[0m):
> Received Payload: Payload[READY] Client Id [2] Message: [null] isReady [ready]
12/12/2024 01:34:51 [Project.Client.Client] ([32mINFO[0m):
> Received Payload: Payload[MESSAGE] Client Id [-1] Message: [Time remaining: 30 seconds]
12/12/2024 01:34:52 [Project.Client.Client] ([32mINFO[0m):
> Received Payload: Payload[TIME] Client Id [0] Message: [null]
12/12/2024 01:34:57 [Project.Client.Client] ([32mINFO[0m):
> Received Payload: Payload[MESSAGE] Client Id [-1] Message: [Time remaining: 25 seconds]
12/12/2024 01:34:57 [Project.Client.Client] ([32mINFO[0m):
> Received Payload: Payload[TIME] Client Id [0] Message: [null]
12/12/2024 01:34:58 [Project.Client.Client] ([32mINFO[0m):
> Received Payload: Payload[MESSAGE] Client Id [-2] Message: [Ali made their choice]
12/12/2024 01:35:02 [Project.Client.Client] ([32mINFO[0m):
> Received Payload: Payload[MESSAGE] Client Id [-1] Message: [Time remaining: 20 seconds]
12/12/2024 01:35:02 [Project.Client.Client] ([32mINFO[0m):
> Received Payload: Payload[TIME] Client Id [0] Message: [null]
12/12/2024 01:35:02 [Project.Client.Client] ([32mINFO[0m):
> Received Payload: Payload[MESSAGE] Client Id [-2] Message: [Cat made their choice]
12/12/2024 01:35:05 [Project.Client.Client] ([32mINFO[0m):
> Received Payload: Payload[ELIMINATED] Client Id [2] Message: [Bale]
12/12/2024 01:35:05 [Project.Client.Client] ([32mINFO[0m):
> Received Payload: Payload[MESSAGE] Client Id [-2] Message: [Bale has been eliminated!]
12/12/2024 01:35:05 [Project.Client.Client] ([32mINFO[0m):
> Received Payload: Payload[MESSAGE] Client Id [-1] Message: [Bale skipped their turn and has been eliminated!]
12/12/2024 01:35:07 [Project.Client.Client] ([32mINFO[0m):
> Received Payload: Payload[MESSAGE] Client Id [-1] Message: [Time remaining: 15 seconds]
12/12/2024 01:35:07 [Project.Client.Client] ([32mINFO[0m):
> Received Payload: Payload[TIME] Client Id [0] Message: [null]
12/12/2024 01:35:11 [Project.Client.Client] ([32mINFO[0m):
> Received Payload: Payload[MESSAGE] Client Id [-1] Message: [Time remaining: 10 seconds]
12/12/2024 01:35:12 [Project.Client.Client] ([32mINFO[0m):
> Received Payload: Payload[TIME] Client Id [0] Message: [null]
12/12/2024 01:35:17 [Project.Client.Client] ([32mINFO[0m):
> Received Payload: Payload[MESSAGE] Client Id [-1] Message: [Time remaining: 5 seconds]
12/12/2024 01:35:17 [Project.Client.Client] ([32mINFO[0m):
> Received Payload: Payload[TIME] Client Id [0] Message: [null]
12/12/2024 01:35:17 [Project.Client.Client] ([32mINFO[0m):
> Received Payload: Payload[MESSAGE] Client Id [-1] Message: [Time remaining: 4 seconds]
12/12/2024 01:35:18 [Project.Client.Client] ([32mINFO[0m):
> Received Payload: Payload[TIME] Client Id [0] Message: [null]
12/12/2024 01:35:19 [Project.Client.Client] ([32mINFO[0m):
> Received Payload: Payload[MESSAGE] Client Id [-1] Message: [Time remaining: 3 seconds]
12/12/2024 01:35:19 [Project.Client.Client] ([32mINFO[0m):
> Received Payload: Payload[TIME] Client Id [0] Message: [null]
12/12/2024 01:35:20 [Project.Client.Client] ([32mINFO[0m):
> Received Payload: Payload[MESSAGE] Client Id [-1] Message: [Time remaining: 2 seconds]
12/12/2024 01:35:20 [Project.Client.Client] ([32mINFO[0m):
> Received Payload: Payload[TIME] Client Id [0] Message: [null]
12/12/2024 01:35:21 [Project.Client.Client] ([32mINFO[0m):
> Received Payload: Payload[MESSAGE] Client Id [-1] Message: [Time remaining: 1 seconds]
12/12/2024 01:35:21 [Project.Client.Client] ([32mINFO[0m):
> Received Payload: Payload[TIME] Client Id [0] Message: [null]
12/12/2024 01:35:22 [Project.Client.Client] ([32mINFO[0m):
> Received Payload: Payload[MESSAGE] Client Id [-1] Message: [Time remaining: 0 seconds]
12/12/2024 01:35:22 [Project.Client.Client] ([32mINFO[0m):
> Received Payload: Payload[TIME] Client Id [0] Message: [null]
12/12/2024 01:35:22 [Project.Client.Client] ([32mINFO[0m):
> Received Payload: Payload[MESSAGE] Client Id [-1] Message: [Cat wins against Ali [P - Spock]]
12/12/2024 01:35:22 [Project.Client.Client] ([32mINFO[0m):
> Received Payload: Payload[MESSAGE] Client Id [-2] Message: [Cat wins against Ali [P - Spock]]
12/12/2024 01:35:22 [Project.Client.Client] ([32mINFO[0m):
> Received Payload: Payload[MESSAGE] Client Id [-1] Message: [Cat wins against Ali [P - Spock]]
12/12/2024 01:35:22 [Project.Client.Client] ([32mINFO[0m):
> Received Payload: Payload[MESSAGE] Client Id [-2] Message: [Cat wins against Ali [P - Spock]]
12/12/2024 01:35:22 [Project.Client.Client] ([32mINFO[0m):
> Received Payload: Payload[MESSAGE] Client Id [-1] Message: [[0;33m1 left[0m]
12/12/2024 01:35:22 [Project.Client.Client] ([32mINFO[0m):
> Received Payload: Payload[MESSAGE] Client Id [-1] Message: [[0;34mCat won![0m]
12/12/2024 01:35:22 [Project.Client.Client] ([32mINFO[0m):
> Received Payload: Payload[RESET_READY] Client Id [0] Message: [null] isReady [not ready]
12/12/2024 01:35:22 [Project.Client.Client] ([32mINFO[0m):
> Received Payload: Payload[POINTS] Client Id [2] Message: [null]
12/12/2024 01:35:22 [Project.Client.Client] ([32mINFO[0m):
> Received Payload: Payload[MESSAGE] Client Id [-1] Message: [Leaderboard:
Cat: 2 points
Ali: 0 points
Bale: 0 points]
12/12/2024 01:35:22 [Project.Client.Client] ([32mINFO[0m):
> Received Payload: Payload[MESSAGE] Client Id [-1] Message: [Round complete!]
12/12/2024 01:35:22 [Project.Client.Client] ([32mINFO[0m):
> Received Payload: Payload[RESET_READY] Client Id [0] Message: [null] isReady [not ready]
12/12/2024 01:38:18 [Project.Client.Client] ([32mINFO[0m):
> Received Payload: Payload[READY] Client Id [1] Message: [null] isReady [ready]
12/12/2024 01:38:20 [Project.Client.Client] ([32mINFO[0m):
> Received Payload: Payload[READY] Client Id [3] Message: [null] isReady [ready]
12/12/2024 01:38:22 [Project.Client.Client] ([32mINFO[0m):
> Received Payload: Payload[READY] Client Id [2] Message: [null] isReady [ready]
12/12/2024 01:59:19 [Project.Client.Client] ([32mINFO[0m):
> Received Payload: Payload[TURN] Client Id [2] Message: [Spock]
12/12/2024 01:59:20 [Project.Client.Client] ([31mSEVERE[0m):
> Could not process Payload: Payload[TURN] Client Id [2] Message: [Spock]
	at java.base/java.util.Formatter.format(Formatter.java:2790)
	at java.base/java.util.Formatter.format(Formatter.java:2728)
	at java.base/java.lang.String.format(String.java:4390)
	at Project.Client.Client.processTurnStatus(Client.java:655)
	at Project.Client.Client.processPayload(Client.java:585)
	at Project.Client.Client.listenToServer(Client.java:442)
	at java.base/java.util.concurrent.CompletableFuture$AsyncRun.run(CompletableFuture.java:1804)
	at java.base/java.util.concurrent.CompletableFuture$AsyncRun.exec(CompletableFuture.java:1796)
	at java.base/java.util.concurrent.ForkJoinTask.doExec(ForkJoinTask.java:387)
	at java.base/java.util.concurrent.ForkJoinPool$WorkQueue.topLevelExec(ForkJoinPool.java:1312)
	at java.base/java.util.concurrent.ForkJoinPool.scan(ForkJoinPool.java:1843)
	at java.base/java.util.concurrent.ForkJoinPool.runWorker(ForkJoinPool.java:1808)
	at java.base/java.util.concurrent.ForkJoinWorkerThread.run(ForkJoinWorkerThread.java:188)

12/12/2024 01:59:20 [Project.Client.Client] ([32mINFO[0m):
> Received Payload: Payload[MESSAGE] Client Id [-2] Message: [Bale made their choice]
12/12/2024 01:59:20 [Project.Client.Client] ([32mINFO[0m):
> Received Payload: Payload[MESSAGE] Client Id [-2] Message: [All players have submitted their choices!]
12/12/2024 01:59:20 [Project.Client.Client] ([32mINFO[0m):
> Received Payload: Payload[MESSAGE] Client Id [-1] Message: [Cat ties with Cat [P - P]]
12/12/2024 01:59:20 [Project.Client.Client] ([32mINFO[0m):
> Received Payload: Payload[MESSAGE] Client Id [-2] Message: [Cat ties with Cat [P - P]]
12/12/2024 01:59:20 [Project.Client.Client] ([32mINFO[0m):
> Received Payload: Payload[MESSAGE] Client Id [-1] Message: [[0;33m1 left[0m]
12/12/2024 01:59:20 [Project.Client.Client] ([32mINFO[0m):
> Received Payload: Payload[MESSAGE] Client Id [-1] Message: [[0;34mCat won![0m]
12/12/2024 01:59:20 [Project.Client.Client] ([32mINFO[0m):
> Received Payload: Payload[RESET_READY] Client Id [0] Message: [null] isReady [not ready]
12/12/2024 01:59:20 [Project.Client.Client] ([32mINFO[0m):
> Received Payload: Payload[POINTS] Client Id [2] Message: [null]
12/12/2024 01:59:20 [Project.Client.Client] ([32mINFO[0m):
> Received Payload: Payload[MESSAGE] Client Id [-1] Message: [Leaderboard:
Cat: 2 points
Ali: 0 points
Bale: 0 points]
12/12/2024 01:59:20 [Project.Client.Client] ([32mINFO[0m):
> Received Payload: Payload[MESSAGE] Client Id [-1] Message: [Round complete!]
12/12/2024 01:59:20 [Project.Client.Client] ([32mINFO[0m):
> Received Payload: Payload[RESET_READY] Client Id [0] Message: [null] isReady [not ready]
12/12/2024 02:05:08 [Project.Client.ClientUI] ([34mFINE[0m):
> Current panel: ROOMS
12/12/2024 02:05:11 [Project.Client.Client] ([32mINFO[0m):
> Received Payload: Payload[ROOM_JOIN] Client Id [2] Message: [1] Client Name [Bale] Status [disconnect]
12/12/2024 02:05:11 [Project.Client.ClientUI] ([32mINFO[0m):
> Current card: ROOMS
12/12/2024 02:05:11 [Project.Client.Views.UserListPanel] ([32mINFO[0m):
> Removing user list item for id 2
12/12/2024 02:05:11 [Project.Client.Client] ([32mINFO[0m):
> Received Payload: Payload[ROOM_JOIN] Client Id [2] Message: [2] Client Name [Bale] Status [connect]
12/12/2024 02:05:11 [Project.Client.Views.UserListPanel] ([32mINFO[0m):
> Clearing user list
12/12/2024 02:05:11 [Project.Client.ClientUI] ([32mINFO[0m):
> Current card: ROOMS
12/12/2024 02:05:11 [Project.Client.Client] ([32mINFO[0m):
> Received Payload: Payload[PHASE] Client Id [0] Message: [READY]
12/12/2024 02:05:11 [Project.Client.Views.UserListPanel] ([32mINFO[0m):
> Adding user to list: Bale (2)
12/12/2024 02:05:11 [Project.Client.Client] ([32mINFO[0m):
> Received Payload: Payload[SYNC_READY] Client Id [2] Message: [null] isReady [not ready]
12/12/2024 02:05:11 [Project.Client.Client] ([32mINFO[0m):
> Received Payload: Payload[MESSAGE] Client Id [-2] Message: [Welcome to the game click ready to start]
12/12/2024 02:05:33 [Project.Client.Client] ([32mINFO[0m):
> Received Payload: Payload[ROOM_JOIN] Client Id [2] Message: [2] Client Name [Bale] Status [disconnect]
12/12/2024 02:05:33 [Project.Client.ClientUI] ([32mINFO[0m):
> Current card: ROOMS
12/12/2024 02:05:33 [Project.Client.Views.UserListPanel] ([32mINFO[0m):
> Removing user list item for id 2
12/12/2024 02:05:33 [Project.Client.Views.UserListPanel] ([32mINFO[0m):
> Clearing user list
12/12/2024 02:05:38 [Project.Client.ClientUI] ([34mFINE[0m):
> Current panel: CHAT_GAME_SCREEN
12/12/2024 02:07:02 [Project.Client.ClientUI] ([34mFINE[0m):
> Current panel: ROOMS
12/12/2024 02:07:07 [Project.Client.Client] ([32mINFO[0m):
> Received Payload: Payload[ROOM_JOIN] Client Id [2] Message: [3] Client Name [Bale] Status [connect]
12/12/2024 02:07:07 [Project.Client.ClientUI] ([32mINFO[0m):
> Current card: ROOMS
12/12/2024 02:07:07 [Project.Client.Client] ([32mINFO[0m):
> Received Payload: Payload[SYNC_CLIENT] Client Id [1] Message: [null] Client Name [Ali] Status [connect]
12/12/2024 02:07:07 [Project.Client.Client] ([32mINFO[0m):
> Received Payload: Payload[SYNC_CLIENT] Client Id [3] Message: [null] Client Name [Cat] Status [connect]
12/12/2024 02:07:07 [Project.Client.Views.UserListPanel] ([32mINFO[0m):
> Adding user to list: Bale (2)
12/12/2024 02:07:07 [Project.Client.Client] ([32mINFO[0m):
> Received Payload: Payload[PHASE] Client Id [0] Message: [READY]
12/12/2024 02:07:07 [Project.Client.Views.UserListPanel] ([32mINFO[0m):
> Adding user to list: Ali (1)
12/12/2024 02:07:07 [Project.Client.Views.UserListPanel] ([32mINFO[0m):
> Adding user to list: Cat (3)
12/12/2024 02:07:07 [Project.Client.Client] ([32mINFO[0m):
> Received Payload: Payload[SYNC_READY] Client Id [1] Message: [null] isReady [not ready]
12/12/2024 02:07:07 [Project.Client.Client] ([32mINFO[0m):
> Received Payload: Payload[SYNC_READY] Client Id [2] Message: [null] isReady [not ready]
12/12/2024 02:07:07 [Project.Client.Client] ([32mINFO[0m):
> Received Payload: Payload[SYNC_READY] Client Id [3] Message: [null] isReady [not ready]
12/12/2024 02:07:07 [Project.Client.Client] ([32mINFO[0m):
> Received Payload: Payload[MESSAGE] Client Id [-2] Message: [Welcome to the game click ready to start]
12/12/2024 02:07:12 [Project.Client.ClientUI] ([34mFINE[0m):
> Current panel: CHAT_GAME_SCREEN
12/12/2024 02:10:54 [Project.Client.Client] ([32mINFO[0m):
> Received Payload: Payload[READY] Client Id [1] Message: [null] isReady [ready]
12/12/2024 02:10:55 [Project.Client.Client] ([32mINFO[0m):
> Received Payload: Payload[TIME] Client Id [0] Message: [null]
12/12/2024 02:10:56 [Project.Client.Client] ([32mINFO[0m):
> Received Payload: Payload[READY] Client Id [3] Message: [null] isReady [ready]
12/12/2024 02:10:56 [Project.Client.Client] ([32mINFO[0m):
> Received Payload: Payload[TIME] Client Id [0] Message: [null]
12/12/2024 02:10:57 [Project.Client.Client] ([32mINFO[0m):
> Received Payload: Payload[READY] Client Id [2] Message: [null] isReady [ready]
12/12/2024 02:10:57 [Project.Client.Client] ([32mINFO[0m):
> Received Payload: Payload[TIME] Client Id [0] Message: [null]
12/12/2024 02:10:58 [Project.Client.Client] ([32mINFO[0m):
> Received Payload: Payload[TIME] Client Id [0] Message: [null]
12/12/2024 02:10:59 [Project.Client.Client] ([32mINFO[0m):
> Received Payload: Payload[TIME] Client Id [0] Message: [null]
12/12/2024 02:11:00 [Project.Client.Client] ([32mINFO[0m):
> Received Payload: Payload[TIME] Client Id [0] Message: [null]
12/12/2024 02:11:01 [Project.Client.Client] ([32mINFO[0m):
> Received Payload: Payload[TIME] Client Id [0] Message: [null]
12/12/2024 02:11:02 [Project.Client.Client] ([32mINFO[0m):
> Received Payload: Payload[TIME] Client Id [0] Message: [null]
12/12/2024 02:11:03 [Project.Client.Client] ([32mINFO[0m):
> Received Payload: Payload[TIME] Client Id [0] Message: [null]
12/12/2024 02:11:04 [Project.Client.Client] ([32mINFO[0m):
> Received Payload: Payload[TIME] Client Id [0] Message: [null]
12/12/2024 02:11:05 [Project.Client.Client] ([32mINFO[0m):
> Received Payload: Payload[PHASE] Client Id [0] Message: [IN_PROGRESS]
12/12/2024 02:11:05 [Project.Client.Client] ([32mINFO[0m):
> Received Payload: Payload[MESSAGE] Client Id [-2] Message: [Game has begun!, Click ready to start the game]
12/12/2024 02:11:05 [Project.Client.Client] ([32mINFO[0m):
> Received Payload: Payload[RESET_READY] Client Id [0] Message: [null] isReady [not ready]
12/12/2024 02:11:05 [Project.Client.Client] ([32mINFO[0m):
> Received Payload: Payload[PHASE] Client Id [0] Message: [READY]
12/12/2024 02:11:05 [Project.Client.Client] ([32mINFO[0m):
> Received Payload: Payload[MESSAGE] Client Id [-1] Message: [Waiting for all players to ready up...]
12/12/2024 02:11:10 [Project.Client.Client] ([32mINFO[0m):
> Received Payload: Payload[MESSAGE] Client Id [-1] Message: [Time remaining: 45 seconds]
12/12/2024 02:11:10 [Project.Client.Client] ([32mINFO[0m):
> Received Payload: Payload[TIME] Client Id [0] Message: [null]
12/12/2024 02:11:12 [Project.Client.Client] ([32mINFO[0m):
> Received Payload: Payload[READY] Client Id [1] Message: [null] isReady [ready]
12/12/2024 02:11:13 [Project.Client.Client] ([32mINFO[0m):
> Received Payload: Payload[READY] Client Id [3] Message: [null] isReady [ready]
12/12/2024 02:11:15 [Project.Client.Client] ([32mINFO[0m):
> Received Payload: Payload[READY] Client Id [2] Message: [null] isReady [ready]
12/12/2024 02:11:15 [Project.Client.Client] ([32mINFO[0m):
> Received Payload: Payload[MESSAGE] Client Id [-1] Message: [Time remaining: 40 seconds]
12/12/2024 02:11:15 [Project.Client.Client] ([32mINFO[0m):
> Received Payload: Payload[TIME] Client Id [0] Message: [null]
12/12/2024 02:11:20 [Project.Client.Client] ([32mINFO[0m):
> Received Payload: Payload[MESSAGE] Client Id [-1] Message: [Time remaining: 35 seconds]
12/12/2024 02:11:20 [Project.Client.Client] ([32mINFO[0m):
> Received Payload: Payload[TIME] Client Id [0] Message: [null]
12/12/2024 02:11:25 [Project.Client.Client] ([32mINFO[0m):
> Received Payload: Payload[MESSAGE] Client Id [-1] Message: [Time remaining: 30 seconds]
12/12/2024 02:11:25 [Project.Client.Client] ([32mINFO[0m):
> Received Payload: Payload[TIME] Client Id [0] Message: [null]
12/12/2024 02:11:26 [Project.Client.Client] ([32mINFO[0m):
> Received Payload: Payload[MESSAGE] Client Id [-2] Message: [Ali made their choice]
12/12/2024 02:11:28 [Project.Client.Client] ([32mINFO[0m):
> Received Payload: Payload[TURN] Client Id [2] Message: [away]
12/12/2024 02:11:28 [Project.Client.Client] ([31mSEVERE[0m):
> Could not process Payload: Payload[TURN] Client Id [2] Message: [away]
	at java.base/java.util.Formatter.format(Formatter.java:2790)
	at java.base/java.util.Formatter.format(Formatter.java:2728)
	at java.base/java.lang.String.format(String.java:4390)
	at Project.Client.Client.processTurnStatus(Client.java:655)
	at Project.Client.Client.processPayload(Client.java:585)
	at Project.Client.Client.listenToServer(Client.java:442)
	at java.base/java.util.concurrent.CompletableFuture$AsyncRun.run(CompletableFuture.java:1804)
	at java.base/java.util.concurrent.CompletableFuture$AsyncRun.exec(CompletableFuture.java:1796)
	at java.base/java.util.concurrent.ForkJoinTask.doExec(ForkJoinTask.java:387)
	at java.base/java.util.concurrent.ForkJoinPool$WorkQueue.topLevelExec(ForkJoinPool.java:1312)
	at java.base/java.util.concurrent.ForkJoinPool.scan(ForkJoinPool.java:1843)
	at java.base/java.util.concurrent.ForkJoinPool.runWorker(ForkJoinPool.java:1808)
	at java.base/java.util.concurrent.ForkJoinWorkerThread.run(ForkJoinWorkerThread.java:188)

12/12/2024 02:11:28 [Project.Client.Client] ([32mINFO[0m):
> Received Payload: Payload[MESSAGE] Client Id [-2] Message: [Bale is now away]
12/12/2024 02:11:28 [Project.Client.Client] ([32mINFO[0m):
> Received Payload: Payload[MESSAGE] Client Id [-1] Message: [Bale has marked themselves as away.]
12/12/2024 02:11:30 [Project.Client.Client] ([32mINFO[0m):
> Received Payload: Payload[MESSAGE] Client Id [-1] Message: [Time remaining: 25 seconds]
12/12/2024 02:11:30 [Project.Client.Client] ([32mINFO[0m):
> Received Payload: Payload[TIME] Client Id [0] Message: [null]
12/12/2024 02:11:31 [Project.Client.Client] ([32mINFO[0m):
> Received Payload: Payload[MESSAGE] Client Id [-2] Message: [Cat made their choice]
12/12/2024 02:11:31 [Project.Client.Client] ([32mINFO[0m):
> Received Payload: Payload[MESSAGE] Client Id [-2] Message: [All players have submitted their choices!]
12/12/2024 02:11:31 [Project.Client.Client] ([32mINFO[0m):
> Received Payload: Payload[MESSAGE] Client Id [-1] Message: [Cat wins against Ali [S - P]]
12/12/2024 02:11:31 [Project.Client.Client] ([32mINFO[0m):
> Received Payload: Payload[MESSAGE] Client Id [-2] Message: [Cat wins against Ali [S - P]]
12/12/2024 02:11:31 [Project.Client.Client] ([32mINFO[0m):
> Received Payload: Payload[MESSAGE] Client Id [-1] Message: [Cat wins against Ali [S - P]]
12/12/2024 02:11:31 [Project.Client.Client] ([32mINFO[0m):
> Received Payload: Payload[MESSAGE] Client Id [-2] Message: [Cat wins against Ali [S - P]]
12/12/2024 02:11:31 [Project.Client.Client] ([32mINFO[0m):
> Received Payload: Payload[MESSAGE] Client Id [-1] Message: [[0;33m1 left[0m]
12/12/2024 02:11:31 [Project.Client.Client] ([32mINFO[0m):
> Received Payload: Payload[MESSAGE] Client Id [-1] Message: [[0;34mCat won![0m]
12/12/2024 02:11:31 [Project.Client.Client] ([32mINFO[0m):
> Received Payload: Payload[RESET_READY] Client Id [0] Message: [null] isReady [not ready]
12/12/2024 02:11:31 [Project.Client.Client] ([32mINFO[0m):
> Received Payload: Payload[POINTS] Client Id [2] Message: [null]
12/12/2024 02:11:31 [Project.Client.Client] ([32mINFO[0m):
> Received Payload: Payload[MESSAGE] Client Id [-1] Message: [Leaderboard:
Cat: 2 points
Ali: 0 points
Bale: 0 points]
12/12/2024 02:11:31 [Project.Client.Client] ([32mINFO[0m):
> Received Payload: Payload[MESSAGE] Client Id [-1] Message: [Round complete!]
12/12/2024 02:11:31 [Project.Client.Client] ([32mINFO[0m):
> Received Payload: Payload[RESET_READY] Client Id [0] Message: [null] isReady [not ready]
12/12/2024 02:35:02 [Project.Client.Client] ([32mINFO[0m):
> Received Payload: Payload[READY] Client Id [3] Message: [null] isReady [ready]
12/12/2024 02:35:04 [Project.Client.Client] ([32mINFO[0m):
> Received Payload: Payload[READY] Client Id [3] Message: [null] isReady [ready]
12/12/2024 02:35:05 [Project.Client.Client] ([32mINFO[0m):
> Received Payload: Payload[READY] Client Id [3] Message: [null] isReady [ready]
12/12/2024 02:35:14 [Project.Client.Client] ([32mINFO[0m):
> Received Payload: Payload[ROOM_JOIN] Client Id [3] Message: [3] Client Name [Cat] Status [disconnect]
12/12/2024 02:35:14 [Project.Client.ClientUI] ([32mINFO[0m):
> Current card: CHAT_GAME_SCREEN
12/12/2024 02:35:14 [Project.Client.Views.UserListPanel] ([32mINFO[0m):
> Removing user list item for id 3
12/12/2024 02:36:29 [Project.Client.Client] ([32mINFO[0m):
> Client Created
12/12/2024 02:36:31 [Project.Client.ClientUI] ([34mFINE[0m):
> Current panel: USER_INFO
12/12/2024 02:36:38 [Project.Client.Views.UserDetailsPanel] ([32mINFO[0m):
> Chosen username: rin
12/12/2024 02:36:38 [Project.Client.Client] ([32mINFO[0m):
> Client connected
12/12/2024 02:36:38 [Project.Client.Client] ([32mINFO[0m):
> Received Payload: Payload[CLIENT_ID] Client Id [4] Message: [null] Client Name [rin] Status [connect]
12/12/2024 02:36:38 [Project.Client.ClientUI] ([34mFINE[0m):
> Current panel: CHAT_GAME_SCREEN
12/12/2024 02:36:38 [Project.Client.Client] ([32mINFO[0m):
> Received Payload: Payload[ROOM_JOIN] Client Id [4] Message: [lobby] Client Name [rin] Status [connect]
12/12/2024 02:36:38 [Project.Client.ClientUI] ([32mINFO[0m):
> Current card: CHAT_GAME_SCREEN
12/12/2024 02:36:38 [Project.Client.Views.UserListPanel] ([32mINFO[0m):
> Adding user to list: rin (4)
12/12/2024 02:36:40 [Project.Client.ClientUI] ([34mFINE[0m):
> Current panel: ROOMS
12/12/2024 02:36:43 [Project.Client.Client] ([32mINFO[0m):
> Received Payload: Payload[ROOM_JOIN] Client Id [4] Message: [lobby] Client Name [rin] Status [disconnect]
12/12/2024 02:36:43 [Project.Client.ClientUI] ([32mINFO[0m):
> Current card: ROOMS
12/12/2024 02:36:43 [Project.Client.Client] ([32mINFO[0m):
> Received Payload: Payload[ROOM_JOIN] Client Id [4] Message: [5] Client Name [rin] Status [connect]
12/12/2024 02:36:43 [Project.Client.ClientUI] ([32mINFO[0m):
> Current card: ROOMS
12/12/2024 02:36:43 [Project.Client.Views.UserListPanel] ([32mINFO[0m):
> Removing user list item for id 4
12/12/2024 02:36:43 [Project.Client.Views.UserListPanel] ([32mINFO[0m):
> Clearing user list
12/12/2024 02:36:43 [Project.Client.Client] ([32mINFO[0m):
> Received Payload: Payload[PHASE] Client Id [0] Message: [READY]
12/12/2024 02:36:43 [Project.Client.Views.UserListPanel] ([32mINFO[0m):
> Adding user to list: rin (4)
12/12/2024 02:36:43 [Project.Client.Client] ([32mINFO[0m):
> Received Payload: Payload[SYNC_READY] Client Id [4] Message: [null] isReady [not ready]
12/12/2024 02:36:43 [Project.Client.Client] ([32mINFO[0m):
> Received Payload: Payload[MESSAGE] Client Id [-2] Message: [Welcome to the game click ready to start]
12/12/2024 02:36:44 [Project.Client.ClientUI] ([34mFINE[0m):
> Current panel: CHAT_GAME_SCREEN
