12/12/2024 01:17:59 [Project.Server.Server] ([32mINFO[0m):
> Server Starting
12/12/2024 01:17:59 [Project.Server.Server] ([32mINFO[0m):
> Listening on port 3000
12/12/2024 01:17:59 [Project.Server.Room] ([32mINFO[0m):
> Room[lobby]: created
12/12/2024 01:17:59 [Project.Server.Server] ([32mINFO[0m):
> Created new Room lobby
12/12/2024 01:17:59 [Project.Server.Server] ([32mINFO[0m):
> Waiting for next client
12/12/2024 01:20:47 [Project.Server.Server] ([32mINFO[0m):
> Client connected
12/12/2024 01:20:47 [Project.Server.ServerThread] ([32mINFO[0m):
> ServerThread[null(0)]: ServerThread created
12/12/2024 01:20:47 [Project.Server.Server] ([32mINFO[0m):
> Waiting for next client
12/12/2024 01:20:47 [Project.Server.ServerThread] ([32mINFO[0m):
> ServerThread[null(-1)]: Thread starting
12/12/2024 01:20:47 [Project.Server.ServerThread] ([32mINFO[0m):
> ServerThread[null(-1)]: Received from my client: Payload[CLIENT_CONNECT] Client Id [0] Message: [null] Client Name [Ali] Status [disconnect]
12/12/2024 01:20:47 [Project.Server.BaseServerThread] ([32mINFO[0m):
> Sending Payload: Payload[CLIENT_ID] Client Id [1] Message: [null] Client Name [Ali] Status [connect]
12/12/2024 01:20:47 [Project.Server.Server] ([32mINFO[0m):
> Server: *Ali[1] initialized*
12/12/2024 01:20:47 [Project.Server.Room] ([32mINFO[0m):
> Room[lobby]: sending room status to lobby recipients
12/12/2024 01:20:47 [Project.Server.BaseServerThread] ([32mINFO[0m):
> Sending Payload: Payload[ROOM_JOIN] Client Id [1] Message: [lobby] Client Name [Ali] Status [connect]
12/12/2024 01:20:47 [Project.Server.Room] ([32mINFO[0m):
> Room[lobby]: Ali[1] joined the Room[lobby]
12/12/2024 01:20:49 [Project.Server.Server] ([32mINFO[0m):
> Client connected
12/12/2024 01:20:49 [Project.Server.ServerThread] ([32mINFO[0m):
> ServerThread[null(0)]: ServerThread created
12/12/2024 01:20:49 [Project.Server.Server] ([32mINFO[0m):
> Waiting for next client
12/12/2024 01:20:49 [Project.Server.ServerThread] ([32mINFO[0m):
> ServerThread[null(-1)]: Thread starting
12/12/2024 01:20:49 [Project.Server.ServerThread] ([32mINFO[0m):
> ServerThread[null(-1)]: Received from my client: Payload[CLIENT_CONNECT] Client Id [0] Message: [null] Client Name [Bale] Status [disconnect]
12/12/2024 01:20:49 [Project.Server.BaseServerThread] ([32mINFO[0m):
> Sending Payload: Payload[CLIENT_ID] Client Id [2] Message: [null] Client Name [Bale] Status [connect]
12/12/2024 01:20:49 [Project.Server.Server] ([32mINFO[0m):
> Server: *Bale[2] initialized*
12/12/2024 01:20:49 [Project.Server.Room] ([32mINFO[0m):
> Room[lobby]: sending room status to lobby recipients
12/12/2024 01:20:49 [Project.Server.BaseServerThread] ([32mINFO[0m):
> Sending Payload: Payload[ROOM_JOIN] Client Id [2] Message: [lobby] Client Name [Bale] Status [connect]
12/12/2024 01:20:49 [Project.Server.BaseServerThread] ([32mINFO[0m):
> Sending Payload: Payload[ROOM_JOIN] Client Id [2] Message: [lobby] Client Name [Bale] Status [connect]
12/12/2024 01:20:49 [Project.Server.BaseServerThread] ([32mINFO[0m):
> Sending Payload: Payload[SYNC_CLIENT] Client Id [1] Message: [null] Client Name [Ali] Status [connect]
12/12/2024 01:20:49 [Project.Server.Room] ([32mINFO[0m):
> Room[lobby]: Bale[2] joined the Room[lobby]
12/12/2024 01:20:51 [Project.Server.Server] ([32mINFO[0m):
> Client connected
12/12/2024 01:20:51 [Project.Server.ServerThread] ([32mINFO[0m):
> ServerThread[null(0)]: ServerThread created
12/12/2024 01:20:51 [Project.Server.Server] ([32mINFO[0m):
> Waiting for next client
12/12/2024 01:20:51 [Project.Server.ServerThread] ([32mINFO[0m):
> ServerThread[null(-1)]: Thread starting
12/12/2024 01:20:51 [Project.Server.ServerThread] ([32mINFO[0m):
> ServerThread[null(-1)]: Received from my client: Payload[CLIENT_CONNECT] Client Id [0] Message: [null] Client Name [Cat] Status [disconnect]
12/12/2024 01:20:51 [Project.Server.BaseServerThread] ([32mINFO[0m):
> Sending Payload: Payload[CLIENT_ID] Client Id [3] Message: [null] Client Name [Cat] Status [connect]
12/12/2024 01:20:51 [Project.Server.Server] ([32mINFO[0m):
> Server: *Cat[3] initialized*
12/12/2024 01:20:51 [Project.Server.Room] ([32mINFO[0m):
> Room[lobby]: sending room status to lobby recipients
12/12/2024 01:20:51 [Project.Server.BaseServerThread] ([32mINFO[0m):
> Sending Payload: Payload[ROOM_JOIN] Client Id [3] Message: [lobby] Client Name [Cat] Status [connect]
12/12/2024 01:20:51 [Project.Server.BaseServerThread] ([32mINFO[0m):
> Sending Payload: Payload[ROOM_JOIN] Client Id [3] Message: [lobby] Client Name [Cat] Status [connect]
12/12/2024 01:20:51 [Project.Server.BaseServerThread] ([32mINFO[0m):
> Sending Payload: Payload[ROOM_JOIN] Client Id [3] Message: [lobby] Client Name [Cat] Status [connect]
12/12/2024 01:20:51 [Project.Server.BaseServerThread] ([32mINFO[0m):
> Sending Payload: Payload[SYNC_CLIENT] Client Id [1] Message: [null] Client Name [Ali] Status [connect]
12/12/2024 01:20:51 [Project.Server.BaseServerThread] ([32mINFO[0m):
> Sending Payload: Payload[SYNC_CLIENT] Client Id [2] Message: [null] Client Name [Bale] Status [connect]
12/12/2024 01:20:51 [Project.Server.Room] ([32mINFO[0m):
> Room[lobby]: Cat[3] joined the Room[lobby]
12/12/2024 01:22:18 [Project.Server.ServerThread] ([32mINFO[0m):
> ServerThread[Ali(1)]: Received from my client: Payload[ROOM_LIST] Client Id [0] Message: [1]
12/12/2024 01:22:18 [Project.Server.BaseServerThread] ([32mINFO[0m):
> Sending Payload: Payload[ROOM_LIST] Client Id [0] Message: [null]
12/12/2024 01:22:33 [Project.Server.ServerThread] ([32mINFO[0m):
> ServerThread[Ali(1)]: Received from my client: Payload[ROOM_CREATE] Client Id [0] Message: [1]
12/12/2024 01:22:33 [Project.Server.Room] ([32mINFO[0m):
> Room[1]: created
12/12/2024 01:22:33 [Project.Server.Server] ([32mINFO[0m):
> Created new Room 1
12/12/2024 01:22:33 [Project.Server.Room] ([32mINFO[0m):
> Room[lobby]: sending room status to lobby recipients
12/12/2024 01:22:33 [Project.Server.BaseServerThread] ([32mINFO[0m):
> Sending Payload: Payload[ROOM_JOIN] Client Id [1] Message: [lobby] Client Name [Ali] Status [disconnect]
12/12/2024 01:22:33 [Project.Server.BaseServerThread] ([32mINFO[0m):
> Sending Payload: Payload[ROOM_JOIN] Client Id [1] Message: [lobby] Client Name [Ali] Status [disconnect]
12/12/2024 01:22:33 [Project.Server.BaseServerThread] ([32mINFO[0m):
> Sending Payload: Payload[ROOM_JOIN] Client Id [1] Message: [lobby] Client Name [Ali] Status [disconnect]
12/12/2024 01:22:33 [Project.Server.Room] ([32mINFO[0m):
> Room[lobby]: Ali[1] left the room
12/12/2024 01:22:33 [Project.Server.Room] ([32mINFO[0m):
> Room[1]: sending room status to 1 recipients
12/12/2024 01:22:33 [Project.Server.BaseServerThread] ([32mINFO[0m):
> Sending Payload: Payload[ROOM_JOIN] Client Id [1] Message: [1] Client Name [Ali] Status [connect]
12/12/2024 01:22:33 [Project.Server.Room] ([32mINFO[0m):
> Room[1]: Ali[1] joined the Room[1]
12/12/2024 01:22:34 [Project.Server.BaseServerThread] ([32mINFO[0m):
> Sending Payload: Payload[PHASE] Client Id [0] Message: [READY]
12/12/2024 01:22:34 [Project.Server.BaseServerThread] ([32mINFO[0m):
> Sending Payload: Payload[SYNC_READY] Client Id [1] Message: [null] isReady [not ready]
12/12/2024 01:22:34 [Project.Server.BaseServerThread] ([32mINFO[0m):
> Sending Payload: Payload[MESSAGE] Client Id [-2] Message: [Welcome to the game click ready to start]
12/12/2024 01:22:45 [Project.Server.ServerThread] ([32mINFO[0m):
> ServerThread[Bale(2)]: Received from my client: Payload[ROOM_JOIN] Client Id [0] Message: [1]
12/12/2024 01:22:45 [Project.Server.Room] ([32mINFO[0m):
> Room[lobby]: sending room status to lobby recipients
12/12/2024 01:22:45 [Project.Server.BaseServerThread] ([32mINFO[0m):
> Sending Payload: Payload[ROOM_JOIN] Client Id [2] Message: [lobby] Client Name [Bale] Status [disconnect]
12/12/2024 01:22:45 [Project.Server.BaseServerThread] ([32mINFO[0m):
> Sending Payload: Payload[ROOM_JOIN] Client Id [2] Message: [lobby] Client Name [Bale] Status [disconnect]
12/12/2024 01:22:45 [Project.Server.Room] ([32mINFO[0m):
> Room[lobby]: Bale[2] left the room
12/12/2024 01:22:45 [Project.Server.Room] ([32mINFO[0m):
> Room[1]: sending room status to 1 recipients
12/12/2024 01:22:45 [Project.Server.BaseServerThread] ([32mINFO[0m):
> Sending Payload: Payload[ROOM_JOIN] Client Id [2] Message: [1] Client Name [Bale] Status [connect]
12/12/2024 01:22:45 [Project.Server.BaseServerThread] ([32mINFO[0m):
> Sending Payload: Payload[ROOM_JOIN] Client Id [2] Message: [1] Client Name [Bale] Status [connect]
12/12/2024 01:22:45 [Project.Server.BaseServerThread] ([32mINFO[0m):
> Sending Payload: Payload[SYNC_CLIENT] Client Id [1] Message: [null] Client Name [Ali] Status [connect]
12/12/2024 01:22:45 [Project.Server.Room] ([32mINFO[0m):
> Room[1]: Bale[2] joined the Room[1]
12/12/2024 01:22:45 [Project.Server.BaseServerThread] ([32mINFO[0m):
> Sending Payload: Payload[PHASE] Client Id [0] Message: [READY]
12/12/2024 01:22:45 [Project.Server.BaseServerThread] ([32mINFO[0m):
> Sending Payload: Payload[SYNC_READY] Client Id [1] Message: [null] isReady [not ready]
12/12/2024 01:22:45 [Project.Server.BaseServerThread] ([32mINFO[0m):
> Sending Payload: Payload[SYNC_READY] Client Id [2] Message: [null] isReady [not ready]
12/12/2024 01:22:45 [Project.Server.BaseServerThread] ([32mINFO[0m):
> Sending Payload: Payload[MESSAGE] Client Id [-2] Message: [Welcome to the game click ready to start]
12/12/2024 01:22:45 [Project.Server.BaseServerThread] ([32mINFO[0m):
> Sending Payload: Payload[MESSAGE] Client Id [-2] Message: [Welcome to the game click ready to start]
12/12/2024 01:22:48 [Project.Server.ServerThread] ([32mINFO[0m):
> ServerThread[Cat(3)]: Received from my client: Payload[ROOM_JOIN] Client Id [0] Message: [1]
12/12/2024 01:22:48 [Project.Server.Room] ([32mINFO[0m):
> Room[lobby]: sending room status to lobby recipients
12/12/2024 01:22:48 [Project.Server.BaseServerThread] ([32mINFO[0m):
> Sending Payload: Payload[ROOM_JOIN] Client Id [3] Message: [lobby] Client Name [Cat] Status [disconnect]
12/12/2024 01:22:48 [Project.Server.Room] ([32mINFO[0m):
> Room[lobby]: Cat[3] left the room
12/12/2024 01:22:49 [Project.Server.Room] ([32mINFO[0m):
> Room[1]: sending room status to 1 recipients
12/12/2024 01:22:49 [Project.Server.BaseServerThread] ([32mINFO[0m):
> Sending Payload: Payload[ROOM_JOIN] Client Id [3] Message: [1] Client Name [Cat] Status [connect]
12/12/2024 01:22:49 [Project.Server.BaseServerThread] ([32mINFO[0m):
> Sending Payload: Payload[ROOM_JOIN] Client Id [3] Message: [1] Client Name [Cat] Status [connect]
12/12/2024 01:22:49 [Project.Server.BaseServerThread] ([32mINFO[0m):
> Sending Payload: Payload[ROOM_JOIN] Client Id [3] Message: [1] Client Name [Cat] Status [connect]
12/12/2024 01:22:49 [Project.Server.BaseServerThread] ([32mINFO[0m):
> Sending Payload: Payload[SYNC_CLIENT] Client Id [1] Message: [null] Client Name [Ali] Status [connect]
12/12/2024 01:22:49 [Project.Server.BaseServerThread] ([32mINFO[0m):
> Sending Payload: Payload[SYNC_CLIENT] Client Id [2] Message: [null] Client Name [Bale] Status [connect]
12/12/2024 01:22:49 [Project.Server.Room] ([32mINFO[0m):
> Room[1]: Cat[3] joined the Room[1]
12/12/2024 01:22:49 [Project.Server.BaseServerThread] ([32mINFO[0m):
> Sending Payload: Payload[PHASE] Client Id [0] Message: [READY]
12/12/2024 01:22:49 [Project.Server.BaseServerThread] ([32mINFO[0m):
> Sending Payload: Payload[SYNC_READY] Client Id [1] Message: [null] isReady [not ready]
12/12/2024 01:22:49 [Project.Server.BaseServerThread] ([32mINFO[0m):
> Sending Payload: Payload[SYNC_READY] Client Id [2] Message: [null] isReady [not ready]
12/12/2024 01:22:49 [Project.Server.BaseServerThread] ([32mINFO[0m):
> Sending Payload: Payload[SYNC_READY] Client Id [3] Message: [null] isReady [not ready]
12/12/2024 01:22:49 [Project.Server.BaseServerThread] ([32mINFO[0m):
> Sending Payload: Payload[MESSAGE] Client Id [-2] Message: [Welcome to the game click ready to start]
12/12/2024 01:22:49 [Project.Server.BaseServerThread] ([32mINFO[0m):
> Sending Payload: Payload[MESSAGE] Client Id [-2] Message: [Welcome to the game click ready to start]
12/12/2024 01:22:49 [Project.Server.BaseServerThread] ([32mINFO[0m):
> Sending Payload: Payload[MESSAGE] Client Id [-2] Message: [Welcome to the game click ready to start]
12/12/2024 01:25:39 [Project.Server.ServerThread] ([32mINFO[0m):
> ServerThread[Bale(2)]: Received from my client: Payload[DISCONNECT] Client Id [0] Message: [null]
12/12/2024 01:25:39 [Project.Server.Room] ([32mINFO[0m):
> Room[1]: sending disconnect status to 1 recipients
12/12/2024 01:25:39 [Project.Server.BaseServerThread] ([32mINFO[0m):
> Sending Payload: Payload[DISCONNECT] Client Id [2] Message: [null] Client Name [Bale] Status [disconnect]
12/12/2024 01:25:39 [Project.Server.BaseServerThread] ([32mINFO[0m):
> Sending Payload: Payload[DISCONNECT] Client Id [2] Message: [null] Client Name [Bale] Status [disconnect]
12/12/2024 01:25:39 [Project.Server.BaseServerThread] ([32mINFO[0m):
> Sending Payload: Payload[DISCONNECT] Client Id [2] Message: [null] Client Name [Bale] Status [disconnect]
12/12/2024 01:25:39 [Project.Server.ServerThread] ([32mINFO[0m):
> ServerThread[Bale(2)]: Thread being disconnected by server
12/12/2024 01:25:39 [Project.Server.ServerThread] ([32mINFO[0m):
> ServerThread[Bale(2)]: ServerThread cleanup() start
12/12/2024 01:25:39 [Project.Server.ServerThread] ([32mINFO[0m):
> ServerThread[Bale(2)]: ServerThread cleanup() end
12/12/2024 01:25:39 [Project.Server.Room] ([32mINFO[0m):
> Room[1]: Bale[2] disconnected
12/12/2024 01:25:39 [Project.Server.ServerThread] ([32mINFO[0m):
> ServerThread[Bale(2)]: Exited thread loop. Cleaning up connection
12/12/2024 01:25:39 [Project.Server.ServerThread] ([32mINFO[0m):
> ServerThread[Bale(2)]: ServerThread cleanup() start
12/12/2024 01:25:39 [Project.Server.ServerThread] ([32mINFO[0m):
> ServerThread[Bale(2)]: ServerThread cleanup() end
12/12/2024 01:25:42 [Project.Server.ServerThread] ([32mINFO[0m):
> ServerThread[Cat(3)]: Received from my client: Payload[DISCONNECT] Client Id [0] Message: [null]
12/12/2024 01:25:42 [Project.Server.Room] ([32mINFO[0m):
> Room[1]: sending disconnect status to 1 recipients
12/12/2024 01:25:42 [Project.Server.BaseServerThread] ([32mINFO[0m):
> Sending Payload: Payload[DISCONNECT] Client Id [3] Message: [null] Client Name [Cat] Status [disconnect]
12/12/2024 01:25:42 [Project.Server.BaseServerThread] ([32mINFO[0m):
> Sending Payload: Payload[DISCONNECT] Client Id [3] Message: [null] Client Name [Cat] Status [disconnect]
12/12/2024 01:25:42 [Project.Server.ServerThread] ([32mINFO[0m):
> ServerThread[Cat(3)]: Thread being disconnected by server
12/12/2024 01:25:42 [Project.Server.ServerThread] ([32mINFO[0m):
> ServerThread[Cat(3)]: ServerThread cleanup() start
12/12/2024 01:25:42 [Project.Server.ServerThread] ([32mINFO[0m):
> ServerThread[Cat(3)]: ServerThread cleanup() end
12/12/2024 01:25:42 [Project.Server.Room] ([32mINFO[0m):
> Room[1]: Cat[3] disconnected
12/12/2024 01:25:42 [Project.Server.ServerThread] ([32mINFO[0m):
> ServerThread[Cat(3)]: Exited thread loop. Cleaning up connection
12/12/2024 01:25:42 [Project.Server.ServerThread] ([32mINFO[0m):
> ServerThread[Cat(3)]: ServerThread cleanup() start
12/12/2024 01:25:42 [Project.Server.ServerThread] ([32mINFO[0m):
> ServerThread[Cat(3)]: ServerThread cleanup() end
12/12/2024 01:25:46 [Project.Server.ServerThread] ([32mINFO[0m):
> ServerThread[Ali(1)]: Received from my client: Payload[DISCONNECT] Client Id [0] Message: [null]
12/12/2024 01:25:46 [Project.Server.Room] ([32mINFO[0m):
> Room[1]: sending disconnect status to 1 recipients
12/12/2024 01:25:46 [Project.Server.BaseServerThread] ([32mINFO[0m):
> Sending Payload: Payload[DISCONNECT] Client Id [1] Message: [null] Client Name [Ali] Status [disconnect]
12/12/2024 01:25:46 [Project.Server.ServerThread] ([32mINFO[0m):
> ServerThread[Ali(1)]: Thread being disconnected by server
12/12/2024 01:25:46 [Project.Server.ServerThread] ([32mINFO[0m):
> ServerThread[Ali(1)]: ServerThread cleanup() start
12/12/2024 01:25:46 [Project.Server.ServerThread] ([32mINFO[0m):
> ServerThread[Ali(1)]: ServerThread cleanup() end
12/12/2024 01:25:46 [Project.Server.Room] ([32mINFO[0m):
> Room[1]: Ali[1] disconnected
12/12/2024 01:25:46 [Project.Server.ServerThread] ([32mINFO[0m):
> ServerThread[Ali(1)]: Exited thread loop. Cleaning up connection
12/12/2024 01:25:46 [Project.Server.ServerThread] ([32mINFO[0m):
> ServerThread[Ali(1)]: ServerThread cleanup() start
12/12/2024 01:25:46 [Project.Server.ServerThread] ([32mINFO[0m):
> ServerThread[Ali(1)]: ServerThread cleanup() end
